[preview.colorlib.com/theme/academia/index.html]
[backblue.gif]
[fade.gif]
[index.html]
[stackpath.bootstrapcdn.com/font-awesome/4.7.0/css/font-awesome.min.css]
[cdnjs.cloudflare.com/ajax/libs/ionicons/4.5.6/css/ionicons.min.css]
[preview.colorlib.com/theme/academia/css/animate.css]
[preview.colorlib.com/theme/academia/css/flaticon.css]
[preview.colorlib.com/theme/academia/css/tiny-slider.css]
[preview.colorlib.com/theme/academia/css/glightbox.min.css]
[preview.colorlib.com/theme/academia/css/aos.css]
[preview.colorlib.com/theme/academia/css/style.css]
[preview.colorlib.com/theme/academia/courses.html]
[preview.colorlib.com/theme/academia/about.html]
[preview.colorlib.com/theme/academia/team.html]
[preview.colorlib.com/theme/academia/pricing.html]
[preview.colorlib.com/theme/academia/blog.html]
[preview.colorlib.com/theme/academia/contact.html]
[preview.colorlib.com/theme/academia/images/bg_1.jpg]
[preview.colorlib.com/theme/academia/images/about.jpg]
[preview.colorlib.com/theme/academia/images/bg_3.jpg]
[preview.colorlib.com/theme/academia/images/author-1.jpg]
[preview.colorlib.com/theme/academia/images/person_1.jpg]
[preview.colorlib.com/theme/academia/images/person_2.jpg]
[preview.colorlib.com/theme/academia/images/person_3.jpg]
[preview.colorlib.com/theme/academia/blog-single.html]
[preview.colorlib.com/theme/academia/images/image_1.jpg]
[preview.colorlib.com/theme/academia/images/image_2.jpg]
[preview.colorlib.com/theme/academia/images/image_3.jpg]
[preview.colorlib.com/theme/academia/images/image_4.jpg]
[preview.colorlib.com/cdn-cgi/scripts/5c5dd728/cloudflare-static/email-decode.min.js]
[preview.colorlib.com/theme/academia/js/bootstrap.bundle.min.js]
[preview.colorlib.com/theme/academia/js/tiny-slider.js]
[preview.colorlib.com/theme/academia/js/glightbox.min.js]
[preview.colorlib.com/theme/academia/js/aos.js]
[preview.colorlib.com/theme/academia/js/google-map.js]
[preview.colorlib.com/theme/academia/index.html]
[stackpath.bootstrapcdn.com/font-awesome/4.7.0/css/font-awesome.min.css]
[cdnjs.cloudflare.com/ajax/libs/ionicons/4.5.6/css/ionicons.min.css]
[preview.colorlib.com/theme/academia/css/animate.css]
[preview.colorlib.com/theme/academia/js/main.js]
[preview.colorlib.com/theme/academia/fonts/flaticon/font/Flaticon.eot]
[preview.colorlib.com/theme/academia/fonts/flaticon/font/Flaticond41d.eot]
[preview.colorlib.com/theme/academia/fonts/flaticon/font/Flaticon.woff]
[preview.colorlib.com/theme/academia/fonts/flaticon/font/Flaticon.ttf]
[preview.colorlib.com/theme/academia/css/flaticon.css]
[preview.colorlib.com/theme/academia/css/tiny-slider.css]
[preview.colorlib.com/theme/academia/css/glightbox.min.css]
[preview.colorlib.com/theme/academia/css/aos.css]
[preview.colorlib.com/theme/academia/css/style.css]
[preview.colorlib.com/cdn-cgi/zaraz/sd0d9.js]
[preview.colorlib.com/theme/academia/fonts/flaticon/font/Flaticon.svg]
[preview.colorlib.com/theme/academia/images/bg_2.jpg]
[preview.colorlib.com/theme/academia/courses.html]
[preview.colorlib.com/theme/academia/about.html]
[preview.colorlib.com/theme/academia/images/team-1.jpg]
[preview.colorlib.com/theme/academia/images/team-2.jpg]
[preview.colorlib.com/theme/academia/images/team-3.jpg]
[preview.colorlib.com/theme/academia/images/team-4.jpg]
[preview.colorlib.com/theme/academia/team.html]
[preview.colorlib.com/theme/academia/pricing.html]
[preview.colorlib.com/theme/academia/images/image_5.jpg]
[preview.colorlib.com/theme/academia/images/image_6.jpg]
[preview.colorlib.com/theme/academia/blog.html]
[preview.colorlib.com/theme/academia/contact.html]
[preview.colorlib.com/theme/academia/blog-single.html]
[preview.colorlib.com/theme/academia/fonts/flaticon/font/Flaticon.svg]
